<?xml version="1.0" encoding="UTF-8"?>
<!-- Generated by org.testng.reporters.JUnitXMLReporter -->
<testsuite hostname="DESKTOP-JNMTI8C" ignored="0" name="Default test" tests="3" failures="0" timestamp="08 Jun 2019 02:02:28 GMT" time="0.047" errors="0">
  <testcase name="differentValues" time="0.016" classname="com.wbl.testcases22.TestCompareArray"/>
  <testcase name="sameValues" time="0.0" classname="com.wbl.testcases22.TestCompareArray"/>
  <testcase name="testDiffLen" time="0.0" classname="com.wbl.testcases22.TestCompareArray"/>
</testsuite> <!-- Default test -->
