<?xml version="1.0" encoding="UTF-8"?>
<testng-results skipped="0" failed="0" ignored="0" total="3" passed="3">
  <reporter-output>
  </reporter-output>
  <suite name="Default suite" duration-ms="47" started-at="2019-06-08T02:02:28Z" finished-at="2019-06-08T02:02:28Z">
    <groups>
    </groups>
    <test name="Default test" duration-ms="47" started-at="2019-06-08T02:02:28Z" finished-at="2019-06-08T02:02:28Z">
      <class name="com.wbl.testcases22.TestCompareArray">
        <test-method status="PASS" signature="differentValues()[pri:0, instance:com.wbl.testcases22.TestCompareArray@548b7f67]" name="differentValues" duration-ms="16" started-at="2019-06-08T02:02:28Z" finished-at="2019-06-08T02:02:28Z">
          <reporter-output>
          </reporter-output>
        </test-method> <!-- differentValues -->
        <test-method status="PASS" signature="sameValues()[pri:0, instance:com.wbl.testcases22.TestCompareArray@548b7f67]" name="sameValues" duration-ms="0" started-at="2019-06-08T02:02:28Z" finished-at="2019-06-08T02:02:28Z">
          <reporter-output>
          </reporter-output>
        </test-method> <!-- sameValues -->
        <test-method status="PASS" signature="testDiffLen()[pri:0, instance:com.wbl.testcases22.TestCompareArray@548b7f67]" name="testDiffLen" duration-ms="0" started-at="2019-06-08T02:02:28Z" finished-at="2019-06-08T02:02:28Z">
          <reporter-output>
          </reporter-output>
        </test-method> <!-- testDiffLen -->
      </class> <!-- com.wbl.testcases22.TestCompareArray -->
    </test> <!-- Default test -->
  </suite> <!-- Default suite -->
</testng-results>
